2017-09-26T03:53:28.141751Z 0 [Warning] option 'read_buffer_size': unsigned value 0 adjusted to 8192
2017-09-26T03:53:28.141751Z 0 [Warning] option 'read_rnd_buffer_size': unsigned value 0 adjusted to 1
2017-09-26T03:53:28.141751Z 0 [Warning] TIMESTAMP with implicit DEFAULT value is deprecated. Please use --explicit_defaults_for_timestamp server option (see documentation for more details).
2017-09-26T03:53:28.141751Z 0 [Warning] 'NO_ZERO_DATE', 'NO_ZERO_IN_DATE' and 'ERROR_FOR_DIVISION_BY_ZERO' sql modes should be used with strict mode. They will be merged with strict mode in a future release.
2017-09-26T03:53:28.142752Z 0 [Note] C:\Program Files\MySQL\MySQL Server 5.7\bin\mysqld.exe (mysqld 5.7.19-log) starting as process 7412 ...
2017-09-26T03:53:28.150759Z 0 [Note] InnoDB: Mutexes and rw_locks use Windows interlocked functions
2017-09-26T03:53:28.151760Z 0 [Note] InnoDB: Uses event mutexes
2017-09-26T03:53:28.151760Z 0 [Note] InnoDB: _mm_lfence() and _mm_sfence() are used for memory barrier
2017-09-26T03:53:28.151760Z 0 [Note] InnoDB: Compressed tables use zlib 1.2.3
2017-09-26T03:53:28.151760Z 0 [Note] InnoDB: Adjusting innodb_buffer_pool_instances from 8 to 1 since innodb_buffer_pool_size is less than 1024 MiB
2017-09-26T03:53:28.152761Z 0 [Note] InnoDB: Number of pools: 1
2017-09-26T03:53:28.152761Z 0 [Note] InnoDB: Not using CPU crc32 instructions
2017-09-26T03:53:28.154763Z 0 [Note] InnoDB: Initializing buffer pool, total size = 8M, instances = 1, chunk size = 8M
2017-09-26T03:53:28.155764Z 0 [Note] InnoDB: Completed initialization of buffer pool
2017-09-26T03:53:28.177798Z 0 [Note] InnoDB: Highest supported file format is Barracuda.
2017-09-26T03:53:28.221781Z 0 [Note] InnoDB: Creating shared tablespace for temporary tables
2017-09-26T03:53:28.221781Z 0 [Note] InnoDB: Setting file '.\ibtmp1' size to 12 MB. Physically writing the file full; Please wait ...
2017-09-26T03:53:28.249484Z 0 [Note] InnoDB: File '.\ibtmp1' size is now 12 MB.
2017-09-26T03:53:28.257486Z 0 [Note] InnoDB: 96 redo rollback segment(s) found. 96 redo rollback segment(s) are active.
2017-09-26T03:53:28.257486Z 0 [Note] InnoDB: 32 non-redo rollback segment(s) are active.
2017-09-26T03:53:28.258488Z 0 [Note] InnoDB: Waiting for purge to start
2017-09-26T03:53:28.311435Z 0 [Note] InnoDB: 5.7.19 started; log sequence number 2539960
2017-09-26T03:53:28.312424Z 0 [Note] InnoDB: Loading buffer pool(s) from C:\ProgramData\MySQL\MySQL Server 5.7\Data\ib_buffer_pool
2017-09-26T03:53:28.312424Z 0 [Note] Plugin 'FEDERATED' is disabled.
2017-09-26T03:53:28.320447Z 0 [Warning] Failed to set up SSL because of the following SSL library error: SSL context is not usable without certificate and private key
2017-09-26T03:53:28.321448Z 0 [Note] Server hostname (bind-address): '*'; port: 3306
2017-09-26T03:53:28.321448Z 0 [Note] InnoDB: Buffer pool(s) load completed at 170926 13:53:28
2017-09-26T03:53:28.321448Z 0 [Note] IPv6 is available.
2017-09-26T03:53:28.321448Z 0 [Note]   - '::' resolves to '::';
2017-09-26T03:53:28.321448Z 0 [Note] Server socket created on IP: '::'.
2017-09-26T03:53:28.346469Z 0 [Note] Event Scheduler: Loaded 0 events
2017-09-26T03:53:28.347470Z 0 [Note] C:\Program Files\MySQL\MySQL Server 5.7\bin\mysqld.exe: ready for connections.
Version: '5.7.19-log'  socket: ''  port: 3306  MySQL Community Server (GPL)
2017-09-26T03:53:28.347470Z 0 [Note] Executing 'SELECT * FROM INFORMATION_SCHEMA.TABLES;' to get a list of tables using the deprecated partition engine. You may use the startup option '--disable-partition-engine-check' to skip this check. 
2017-09-26T03:53:28.348471Z 0 [Note] Beginning of list of non-natively partitioned tables
2017-09-26T03:53:28.368479Z 0 [Note] End of list of non-natively partitioned tables
2017-09-26T03:53:29.215736Z 3 [Note] Access denied for user 'root'@'localhost' (using password: YES)
2017-09-26T03:54:24.332889Z 7 [Note] Access denied for user 'root'@'localhost' (using password: NO)
2017-09-26T03:56:18.799351Z 10 [Note] Access denied for user 'root'@'localhost' (using password: NO)
2017-09-26T04:16:40.650269Z 18 [Note] Access denied for user 'root'@'localhost' (using password: NO)
2017-09-26T04:22:40.501455Z 25 [Note] Access denied for user 'root'@'localhost' (using password: NO)
2017-09-26T04:28:40.233337Z 34 [Note] Access denied for user 'root'@'localhost' (using password: YES)
2017-09-26T04:28:49.836142Z 35 [Note] Access denied for user 'root'@'localhost' (using password: YES)
2017-09-26T04:28:52.485785Z 36 [Note] Access denied for user 'root'@'localhost' (using password: YES)
2017-09-26T04:28:57.905840Z 37 [Note] Access denied for user 'root'@'localhost' (using password: YES)
2017-09-26T04:29:01.332279Z 38 [Note] Access denied for user 'root'@'localhost' (using password: YES)
2017-09-26T04:29:09.824102Z 39 [Note] Access denied for user 'root'@'localhost' (using password: YES)
2017-09-26T04:29:27.304990Z 40 [Note] Access denied for user 'root'@'localhost' (using password: NO)
2017-09-26T05:08:29.375848Z 15 [Note] Aborted connection 15 to db: 'unconnected' user: 'root' host: 'localhost' (Got an error reading communication packets)
2017-09-26T05:15:25.787529Z 45 [Note] Access denied for user 'root'@'localhost' (using password: NO)
2017-09-26T05:16:14.952733Z 50 [Note] Access denied for user 'root'@'localhost' (using password: NO)
2017-09-26T05:19:45.723915Z 0 [Note] C:\Program Files\MySQL\MySQL Server 5.7\bin\mysqld.exe: Normal shutdown

2017-09-26T05:19:45.724925Z 0 [Note] Giving 2 client threads a chance to die gracefully
2017-09-26T05:19:45.724925Z 0 [Note] Shutting down slave threads
2017-09-26T05:19:47.725742Z 0 [Note] Forcefully disconnecting 2 remaining clients
2017-09-26T05:19:47.725742Z 0 [Warning] C:\Program Files\MySQL\MySQL Server 5.7\bin\mysqld.exe: Forcing close of thread 12  user: 'root'

2017-09-26T05:19:47.725742Z 0 [Warning] C:\Program Files\MySQL\MySQL Server 5.7\bin\mysqld.exe: Forcing close of thread 44  user: 'root'

2017-09-26T05:19:47.725742Z 0 [Note] Event Scheduler: Purging the queue. 0 events
2017-09-26T05:19:47.726705Z 0 [Note] Binlog end
2017-09-26T05:19:47.737704Z 0 [Note] Shutting down plugin 'ngram'
2017-09-26T05:19:47.737704Z 0 [Note] Shutting down plugin 'partition'
2017-09-26T05:19:47.737704Z 0 [Note] Shutting down plugin 'BLACKHOLE'
2017-09-26T05:19:47.737704Z 0 [Note] Shutting down plugin 'ARCHIVE'
2017-09-26T05:19:47.738723Z 0 [Note] Shutting down plugin 'PERFORMANCE_SCHEMA'
2017-09-26T05:19:47.738723Z 0 [Note] Shutting down plugin 'MRG_MYISAM'
2017-09-26T05:19:47.738723Z 0 [Note] Shutting down plugin 'MyISAM'
2017-09-26T05:19:47.738723Z 0 [Note] Shutting down plugin 'INNODB_SYS_VIRTUAL'
2017-09-26T05:19:47.738723Z 0 [Note] Shutting down plugin 'INNODB_SYS_DATAFILES'
2017-09-26T05:19:47.739705Z 0 [Note] Shutting down plugin 'INNODB_SYS_TABLESPACES'
2017-09-26T05:19:47.739705Z 0 [Note] Shutting down plugin 'INNODB_SYS_FOREIGN_COLS'
2017-09-26T05:19:47.739705Z 0 [Note] Shutting down plugin 'INNODB_SYS_FOREIGN'
2017-09-26T05:19:47.739705Z 0 [Note] Shutting down plugin 'INNODB_SYS_FIELDS'
2017-09-26T05:19:47.740708Z 0 [Note] Shutting down plugin 'INNODB_SYS_COLUMNS'
2017-09-26T05:19:47.740708Z 0 [Note] Shutting down plugin 'INNODB_SYS_INDEXES'
2017-09-26T05:19:47.740708Z 0 [Note] Shutting down plugin 'INNODB_SYS_TABLESTATS'
2017-09-26T05:19:47.740708Z 0 [Note] Shutting down plugin 'INNODB_SYS_TABLES'
2017-09-26T05:19:47.740708Z 0 [Note] Shutting down plugin 'INNODB_FT_INDEX_TABLE'
2017-09-26T05:19:47.740708Z 0 [Note] Shutting down plugin 'INNODB_FT_INDEX_CACHE'
2017-09-26T05:19:47.741720Z 0 [Note] Shutting down plugin 'INNODB_FT_CONFIG'
2017-09-26T05:19:47.741720Z 0 [Note] Shutting down plugin 'INNODB_FT_BEING_DELETED'
2017-09-26T05:19:47.741720Z 0 [Note] Shutting down plugin 'INNODB_FT_DELETED'
2017-09-26T05:19:47.741720Z 0 [Note] Shutting down plugin 'INNODB_FT_DEFAULT_STOPWORD'
2017-09-26T05:19:47.741720Z 0 [Note] Shutting down plugin 'INNODB_METRICS'
2017-09-26T05:19:47.742721Z 0 [Note] Shutting down plugin 'INNODB_TEMP_TABLE_INFO'
2017-09-26T05:19:47.742721Z 0 [Note] Shutting down plugin 'INNODB_BUFFER_POOL_STATS'
2017-09-26T05:19:47.742721Z 0 [Note] Shutting down plugin 'INNODB_BUFFER_PAGE_LRU'
2017-09-26T05:19:47.742721Z 0 [Note] Shutting down plugin 'INNODB_BUFFER_PAGE'
2017-09-26T05:19:47.742721Z 0 [Note] Shutting down plugin 'INNODB_CMP_PER_INDEX_RESET'
2017-09-26T05:19:47.742721Z 0 [Note] Shutting down plugin 'INNODB_CMP_PER_INDEX'
2017-09-26T05:19:47.743722Z 0 [Note] Shutting down plugin 'INNODB_CMPMEM_RESET'
2017-09-26T05:19:47.743722Z 0 [Note] Shutting down plugin 'INNODB_CMPMEM'
2017-09-26T05:19:47.743722Z 0 [Note] Shutting down plugin 'INNODB_CMP_RESET'
2017-09-26T05:19:47.743722Z 0 [Note] Shutting down plugin 'INNODB_CMP'
2017-09-26T05:19:47.743722Z 0 [Note] Shutting down plugin 'INNODB_LOCK_WAITS'
2017-09-26T05:19:47.744724Z 0 [Note] Shutting down plugin 'INNODB_LOCKS'
2017-09-26T05:19:47.744724Z 0 [Note] Shutting down plugin 'INNODB_TRX'
2017-09-26T05:19:47.744724Z 0 [Note] Shutting down plugin 'InnoDB'
2017-09-26T05:19:47.758761Z 0 [Note] InnoDB: FTS optimize thread exiting.
2017-09-26T05:19:47.759753Z 0 [Note] InnoDB: Starting shutdown...
2017-09-26T05:19:47.861072Z 0 [Note] InnoDB: Dumping buffer pool(s) to C:\ProgramData\MySQL\MySQL Server 5.7\Data\ib_buffer_pool
2017-09-26T05:19:47.865077Z 0 [Note] InnoDB: Buffer pool(s) dump completed at 170926 15:19:47
2017-09-26T05:19:48.985979Z 0 [Note] InnoDB: Shutdown completed; log sequence number 10875811
2017-09-26T05:19:48.986967Z 0 [Note] InnoDB: Removed temporary tablespace data file: "ibtmp1"
2017-09-26T05:19:48.986967Z 0 [Note] Shutting down plugin 'MEMORY'
2017-09-26T05:19:48.986967Z 0 [Note] Shutting down plugin 'CSV'
2017-09-26T05:19:48.986967Z 0 [Note] Shutting down plugin 'sha256_password'
2017-09-26T05:19:48.987972Z 0 [Note] Shutting down plugin 'mysql_native_password'
2017-09-26T05:19:48.987972Z 0 [Note] Shutting down plugin 'binlog'
2017-09-26T05:19:48.991972Z 0 [Note] C:\Program Files\MySQL\MySQL Server 5.7\bin\mysqld.exe: Shutdown complete

2017-09-26T05:57:30.766324Z 0 [Warning] option 'read_buffer_size': unsigned value 0 adjusted to 8192
2017-09-26T05:57:30.766324Z 0 [Warning] option 'read_rnd_buffer_size': unsigned value 0 adjusted to 1
2017-09-26T05:57:30.766324Z 0 [Warning] TIMESTAMP with implicit DEFAULT value is deprecated. Please use --explicit_defaults_for_timestamp server option (see documentation for more details).
2017-09-26T05:57:30.766324Z 0 [Warning] 'NO_ZERO_DATE', 'NO_ZERO_IN_DATE' and 'ERROR_FOR_DIVISION_BY_ZERO' sql modes should be used with strict mode. They will be merged with strict mode in a future release.
2017-09-26T05:57:30.768327Z 0 [Note] C:\Program Files\MySQL\MySQL Server 5.7\bin\mysqld.exe (mysqld 5.7.19-log) starting as process 2600 ...
2017-09-26T05:57:30.773331Z 0 [Note] InnoDB: Mutexes and rw_locks use Windows interlocked functions
2017-09-26T05:57:30.774332Z 0 [Note] InnoDB: Uses event mutexes
2017-09-26T05:57:30.774332Z 0 [Note] InnoDB: _mm_lfence() and _mm_sfence() are used for memory barrier
2017-09-26T05:57:30.774332Z 0 [Note] InnoDB: Compressed tables use zlib 1.2.3
2017-09-26T05:57:30.774332Z 0 [Note] InnoDB: Adjusting innodb_buffer_pool_instances from 8 to 1 since innodb_buffer_pool_size is less than 1024 MiB
2017-09-26T05:57:30.775333Z 0 [Note] InnoDB: Number of pools: 1
2017-09-26T05:57:30.775333Z 0 [Note] InnoDB: Not using CPU crc32 instructions
2017-09-26T05:57:30.777333Z 0 [Note] InnoDB: Initializing buffer pool, total size = 8M, instances = 1, chunk size = 8M
2017-09-26T05:57:30.778336Z 0 [Note] InnoDB: Completed initialization of buffer pool
2017-09-26T05:57:30.802440Z 0 [Note] InnoDB: Setting log file .\ib_logfile101 size to 48 MB
2017-09-26T05:57:30.955746Z 0 [Note] InnoDB: Setting log file .\ib_logfile1 size to 48 MB
2017-09-26T05:57:31.074542Z 0 [Note] InnoDB: Renaming log file .\ib_logfile101 to .\ib_logfile0
2017-09-26T05:57:31.075543Z 0 [Warning] InnoDB: New log files created, LSN=10875811
2017-09-26T05:57:31.076544Z 0 [Note] InnoDB: Highest supported file format is Barracuda.
2017-09-26T05:57:31.077545Z 0 [Note] InnoDB: Log scan progressed past the checkpoint lsn 10875916
2017-09-26T05:57:31.077545Z 0 [Note] InnoDB: Doing recovery: scanned up to log sequence number 10875925
2017-09-26T05:57:31.077545Z 0 [Note] InnoDB: Database was not shutdown normally!
2017-09-26T05:57:31.078546Z 0 [Note] InnoDB: Starting crash recovery.
2017-09-26T05:57:31.271060Z 0 [Note] InnoDB: Creating shared tablespace for temporary tables
2017-09-26T05:57:31.271060Z 0 [Note] InnoDB: Setting file '.\ibtmp1' size to 12 MB. Physically writing the file full; Please wait ...
2017-09-26T05:57:31.298893Z 0 [Note] InnoDB: File '.\ibtmp1' size is now 12 MB.
2017-09-26T05:57:31.307453Z 0 [Note] InnoDB: 96 redo rollback segment(s) found. 96 redo rollback segment(s) are active.
2017-09-26T05:57:31.307453Z 0 [Note] InnoDB: 32 non-redo rollback segment(s) are active.
2017-09-26T05:57:31.308437Z 0 [Note] InnoDB: 5.7.19 started; log sequence number 10875925
2017-09-26T05:57:31.308437Z 0 [Note] InnoDB: Loading buffer pool(s) from C:\ProgramData\MySQL\MySQL Server 5.7\Data\ib_buffer_pool
2017-09-26T05:57:31.309455Z 0 [Note] Plugin 'FEDERATED' is disabled.
2017-09-26T05:57:31.319447Z 0 [Warning] Failed to set up SSL because of the following SSL library error: SSL context is not usable without certificate and private key
2017-09-26T05:57:31.319447Z 0 [Note] InnoDB: Buffer pool(s) load completed at 170926 15:57:31
2017-09-26T05:57:31.319447Z 0 [Note] Server hostname (bind-address): '*'; port: 8000
2017-09-26T05:57:31.320448Z 0 [Note] IPv6 is available.
2017-09-26T05:57:31.320448Z 0 [Note]   - '::' resolves to '::';
2017-09-26T05:57:31.320448Z 0 [Note] Server socket created on IP: '::'.
2017-09-26T05:57:31.353574Z 0 [Note] Event Scheduler: Loaded 0 events
2017-09-26T05:57:31.354576Z 0 [Note] C:\Program Files\MySQL\MySQL Server 5.7\bin\mysqld.exe: ready for connections.
Version: '5.7.19-log'  socket: ''  port: 8000  MySQL Community Server (GPL)
2017-09-26T05:57:31.355576Z 0 [Note] Executing 'SELECT * FROM INFORMATION_SCHEMA.TABLES;' to get a list of tables using the deprecated partition engine. You may use the startup option '--disable-partition-engine-check' to skip this check. 
2017-09-26T05:57:31.355576Z 0 [Note] Beginning of list of non-natively partitioned tables
2017-09-26T05:57:31.377597Z 0 [Note] End of list of non-natively partitioned tables
2017-09-26T06:04:23.570925Z 7 [Note] Access denied for user 'root'@'localhost' (using password: NO)
2017-09-26T06:04:47.155578Z 10 [Note] Access denied for user 'root'@'localhost' (using password: NO)
2017-09-26T06:06:31.281313Z 20 [Note] Access denied for user 'root'@'localhost' (using password: NO)
2017-09-26T06:07:30.142057Z 26 [Note] Access denied for user 'root'@'localhost' (using password: NO)
2017-09-26T06:07:33.483878Z 27 [Note] Access denied for user 'root'@'localhost' (using password: YES)
2017-09-26T06:07:36.168660Z 28 [Note] Access denied for user 'root'@'localhost' (using password: YES)
2017-09-26T06:09:57.067663Z 30 [Note] Access denied for user 'root'@'localhost' (using password: NO)
2017-09-26T06:10:22.797062Z 0 [Note] C:\Program Files\MySQL\MySQL Server 5.7\bin\mysqld.exe: Normal shutdown

2017-09-26T06:10:22.797062Z 0 [Note] Giving 4 client threads a chance to die gracefully
2017-09-26T06:10:22.798046Z 0 [Note] Shutting down slave threads
2017-09-26T06:10:24.798757Z 0 [Note] Forcefully disconnecting 4 remaining clients
2017-09-26T06:10:24.798757Z 0 [Warning] C:\Program Files\MySQL\MySQL Server 5.7\bin\mysqld.exe: Forcing close of thread 31  user: 'root'

2017-09-26T06:10:24.798757Z 0 [Warning] C:\Program Files\MySQL\MySQL Server 5.7\bin\mysqld.exe: Forcing close of thread 15  user: 'root'

2017-09-26T06:10:24.799775Z 0 [Warning] C:\Program Files\MySQL\MySQL Server 5.7\bin\mysqld.exe: Forcing close of thread 32  user: 'root'

2017-09-26T06:10:24.799775Z 0 [Warning] C:\Program Files\MySQL\MySQL Server 5.7\bin\mysqld.exe: Forcing close of thread 25  user: 'root'

2017-09-26T06:10:24.799775Z 0 [Note] Event Scheduler: Purging the queue. 0 events
2017-09-26T06:10:24.800760Z 0 [Note] Binlog end
2017-09-26T06:10:24.812774Z 0 [Note] Shutting down plugin 'ngram'
2017-09-26T06:10:24.812774Z 0 [Note] Shutting down plugin 'partition'
2017-09-26T06:10:24.812774Z 0 [Note] Shutting down plugin 'BLACKHOLE'
2017-09-26T06:10:24.813772Z 0 [Note] Shutting down plugin 'ARCHIVE'
2017-09-26T06:10:24.813772Z 0 [Note] Shutting down plugin 'PERFORMANCE_SCHEMA'
2017-09-26T06:10:24.813772Z 0 [Note] Shutting down plugin 'MRG_MYISAM'
2017-09-26T06:10:24.813772Z 0 [Note] Shutting down plugin 'MyISAM'
2017-09-26T06:10:24.813772Z 0 [Note] Shutting down plugin 'INNODB_SYS_VIRTUAL'
2017-09-26T06:10:24.813772Z 0 [Note] Shutting down plugin 'INNODB_SYS_DATAFILES'
2017-09-26T06:10:24.814780Z 0 [Note] Shutting down plugin 'INNODB_SYS_TABLESPACES'
2017-09-26T06:10:24.814780Z 0 [Note] Shutting down plugin 'INNODB_SYS_FOREIGN_COLS'
2017-09-26T06:10:24.814780Z 0 [Note] Shutting down plugin 'INNODB_SYS_FOREIGN'
2017-09-26T06:10:24.814780Z 0 [Note] Shutting down plugin 'INNODB_SYS_FIELDS'
2017-09-26T06:10:24.814780Z 0 [Note] Shutting down plugin 'INNODB_SYS_COLUMNS'
2017-09-26T06:10:24.814780Z 0 [Note] Shutting down plugin 'INNODB_SYS_INDEXES'
2017-09-26T06:10:24.814780Z 0 [Note] Shutting down plugin 'INNODB_SYS_TABLESTATS'
2017-09-26T06:10:24.815774Z 0 [Note] Shutting down plugin 'INNODB_SYS_TABLES'
2017-09-26T06:10:24.815774Z 0 [Note] Shutting down plugin 'INNODB_FT_INDEX_TABLE'
2017-09-26T06:10:24.815774Z 0 [Note] Shutting down plugin 'INNODB_FT_INDEX_CACHE'
2017-09-26T06:10:24.815774Z 0 [Note] Shutting down plugin 'INNODB_FT_CONFIG'
2017-09-26T06:10:24.815774Z 0 [Note] Shutting down plugin 'INNODB_FT_BEING_DELETED'
2017-09-26T06:10:24.815774Z 0 [Note] Shutting down plugin 'INNODB_FT_DELETED'
2017-09-26T06:10:24.816775Z 0 [Note] Shutting down plugin 'INNODB_FT_DEFAULT_STOPWORD'
2017-09-26T06:10:24.816775Z 0 [Note] Shutting down plugin 'INNODB_METRICS'
2017-09-26T06:10:24.816775Z 0 [Note] Shutting down plugin 'INNODB_TEMP_TABLE_INFO'
2017-09-26T06:10:24.816775Z 0 [Note] Shutting down plugin 'INNODB_BUFFER_POOL_STATS'
2017-09-26T06:10:24.816775Z 0 [Note] Shutting down plugin 'INNODB_BUFFER_PAGE_LRU'
2017-09-26T06:10:24.816775Z 0 [Note] Shutting down plugin 'INNODB_BUFFER_PAGE'
2017-09-26T06:10:24.817776Z 0 [Note] Shutting down plugin 'INNODB_CMP_PER_INDEX_RESET'
2017-09-26T06:10:24.817776Z 0 [Note] Shutting down plugin 'INNODB_CMP_PER_INDEX'
2017-09-26T06:10:24.817776Z 0 [Note] Shutting down plugin 'INNODB_CMPMEM_RESET'
2017-09-26T06:10:24.817776Z 0 [Note] Shutting down plugin 'INNODB_CMPMEM'
2017-09-26T06:10:24.817776Z 0 [Note] Shutting down plugin 'INNODB_CMP_RESET'
2017-09-26T06:10:24.817776Z 0 [Note] Shutting down plugin 'INNODB_CMP'
2017-09-26T06:10:24.818788Z 0 [Note] Shutting down plugin 'INNODB_LOCK_WAITS'
2017-09-26T06:10:24.818788Z 0 [Note] Shutting down plugin 'INNODB_LOCKS'
2017-09-26T06:10:24.818788Z 0 [Note] Shutting down plugin 'INNODB_TRX'
2017-09-26T06:10:24.818788Z 0 [Note] Shutting down plugin 'InnoDB'
2017-09-26T06:10:24.833806Z 0 [Note] InnoDB: FTS optimize thread exiting.
2017-09-26T06:10:24.833806Z 0 [Note] InnoDB: Starting shutdown...
2017-09-26T06:10:24.935222Z 0 [Note] InnoDB: Dumping buffer pool(s) to C:\ProgramData\MySQL\MySQL Server 5.7\Data\ib_buffer_pool
2017-09-26T06:10:24.939228Z 0 [Note] InnoDB: Buffer pool(s) dump completed at 170926 16:10:24
2017-09-26T06:10:26.354737Z 0 [Note] InnoDB: Shutdown completed; log sequence number 19357749
2017-09-26T06:10:26.354737Z 0 [Note] InnoDB: Removed temporary tablespace data file: "ibtmp1"
2017-09-26T06:10:26.355739Z 0 [Note] Shutting down plugin 'MEMORY'
2017-09-26T06:10:26.355739Z 0 [Note] Shutting down plugin 'CSV'
2017-09-26T06:10:26.355739Z 0 [Note] Shutting down plugin 'sha256_password'
2017-09-26T06:10:26.355739Z 0 [Note] Shutting down plugin 'mysql_native_password'
2017-09-26T06:10:26.356739Z 0 [Note] Shutting down plugin 'binlog'
2017-09-26T06:10:26.363785Z 0 [Note] C:\Program Files\MySQL\MySQL Server 5.7\bin\mysqld.exe: Shutdown complete

2017-09-26T06:10:27.250460Z 0 [Warning] option 'read_buffer_size': unsigned value 0 adjusted to 8192
2017-09-26T06:10:27.250460Z 0 [Warning] option 'read_rnd_buffer_size': unsigned value 0 adjusted to 1
2017-09-26T06:10:27.250460Z 0 [Warning] TIMESTAMP with implicit DEFAULT value is deprecated. Please use --explicit_defaults_for_timestamp server option (see documentation for more details).
2017-09-26T06:10:27.250460Z 0 [Warning] 'NO_ZERO_DATE', 'NO_ZERO_IN_DATE' and 'ERROR_FOR_DIVISION_BY_ZERO' sql modes should be used with strict mode. They will be merged with strict mode in a future release.
2017-09-26T06:10:27.251461Z 0 [Note] C:\Program Files\MySQL\MySQL Server 5.7\bin\mysqld.exe (mysqld 5.7.19-log) starting as process 8488 ...
2017-09-26T06:10:27.256466Z 0 [Note] InnoDB: Mutexes and rw_locks use Windows interlocked functions
2017-09-26T06:10:27.257466Z 0 [Note] InnoDB: Uses event mutexes
2017-09-26T06:10:27.257466Z 0 [Note] InnoDB: _mm_lfence() and _mm_sfence() are used for memory barrier
2017-09-26T06:10:27.257466Z 0 [Note] InnoDB: Compressed tables use zlib 1.2.3
2017-09-26T06:10:27.257466Z 0 [Note] InnoDB: Adjusting innodb_buffer_pool_instances from 8 to 1 since innodb_buffer_pool_size is less than 1024 MiB
2017-09-26T06:10:27.258467Z 0 [Note] InnoDB: Number of pools: 1
2017-09-26T06:10:27.258467Z 0 [Note] InnoDB: Not using CPU crc32 instructions
2017-09-26T06:10:27.260469Z 0 [Note] InnoDB: Initializing buffer pool, total size = 8M, instances = 1, chunk size = 8M
2017-09-26T06:10:27.261470Z 0 [Note] InnoDB: Completed initialization of buffer pool
2017-09-26T06:10:27.284926Z 0 [Note] InnoDB: Setting log file .\ib_logfile101 size to 48 MB
2017-09-26T06:10:27.399344Z 0 [Note] InnoDB: Setting log file .\ib_logfile1 size to 48 MB
2017-09-26T06:10:27.521472Z 0 [Note] InnoDB: Renaming log file .\ib_logfile101 to .\ib_logfile0
2017-09-26T06:10:27.522462Z 0 [Warning] InnoDB: New log files created, LSN=19357749
2017-09-26T06:10:27.523463Z 0 [Note] InnoDB: Highest supported file format is Barracuda.
2017-09-26T06:10:27.524475Z 0 [Note] InnoDB: Log scan progressed past the checkpoint lsn 19358220
2017-09-26T06:10:27.524475Z 0 [Note] InnoDB: Doing recovery: scanned up to log sequence number 19358229
2017-09-26T06:10:27.525464Z 0 [Note] InnoDB: Database was not shutdown normally!
2017-09-26T06:10:27.525464Z 0 [Note] InnoDB: Starting crash recovery.
2017-09-26T06:10:27.716211Z 0 [Note] InnoDB: Creating shared tablespace for temporary tables
2017-09-26T06:10:27.717212Z 0 [Note] InnoDB: Setting file '.\ibtmp1' size to 12 MB. Physically writing the file full; Please wait ...
2017-09-26T06:10:27.745683Z 0 [Note] InnoDB: File '.\ibtmp1' size is now 12 MB.
2017-09-26T06:10:27.753707Z 0 [Note] InnoDB: 96 redo rollback segment(s) found. 96 redo rollback segment(s) are active.
2017-09-26T06:10:27.753707Z 0 [Note] InnoDB: 32 non-redo rollback segment(s) are active.
2017-09-26T06:10:27.753707Z 0 [Note] InnoDB: Waiting for purge to start
2017-09-26T06:10:27.806974Z 0 [Note] InnoDB: 5.7.19 started; log sequence number 19358229
2017-09-26T06:10:27.806974Z 0 [Note] InnoDB: Loading buffer pool(s) from C:\ProgramData\MySQL\MySQL Server 5.7\Data\ib_buffer_pool
2017-09-26T06:10:27.806974Z 0 [Note] Plugin 'FEDERATED' is disabled.
2017-09-26T06:10:27.815952Z 0 [Warning] Failed to set up SSL because of the following SSL library error: SSL context is not usable without certificate and private key
2017-09-26T06:10:27.815952Z 0 [Note] Server hostname (bind-address): '*'; port: 3306
2017-09-26T06:10:27.816937Z 0 [Note] IPv6 is available.
2017-09-26T06:10:27.816937Z 0 [Note]   - '::' resolves to '::';
2017-09-26T06:10:27.816937Z 0 [Note] Server socket created on IP: '::'.
2017-09-26T06:10:27.817938Z 0 [Note] InnoDB: Buffer pool(s) load completed at 170926 16:10:27
2017-09-26T06:10:27.846966Z 0 [Note] Event Scheduler: Loaded 0 events
2017-09-26T06:10:27.847967Z 0 [Note] C:\Program Files\MySQL\MySQL Server 5.7\bin\mysqld.exe: ready for connections.
Version: '5.7.19-log'  socket: ''  port: 3306  MySQL Community Server (GPL)
2017-09-26T06:10:27.847967Z 0 [Note] Executing 'SELECT * FROM INFORMATION_SCHEMA.TABLES;' to get a list of tables using the deprecated partition engine. You may use the startup option '--disable-partition-engine-check' to skip this check. 
2017-09-26T06:10:27.848968Z 0 [Note] Beginning of list of non-natively partitioned tables
2017-09-26T06:10:27.870989Z 0 [Note] End of list of non-natively partitioned tables
2017-09-26T06:13:35.529142Z 7 [Note] Access denied for user 'root'@'localhost' (using password: NO)
2017-09-26T06:19:07.961099Z 12 [Note] Access denied for user 'root'@'localhost' (using password: NO)
2017-09-26T06:20:02.292671Z 17 [Note] Access denied for user 'root'@'localhost' (using password: NO)
2017-09-26T06:29:23.205149Z 29 [Note] Aborted connection 29 to db: 'mydatabase' user: 'root' host: 'localhost' (Got an error reading communication packets)
2017-09-26T07:13:39.004061Z 80 [Note] Aborted connection 80 to db: 'mydatabase' user: 'root' host: 'localhost' (Got an error reading communication packets)
2017-09-26T07:47:05.627756Z 25 [Note] Aborted connection 25 to db: 'mydatabase' user: 'root' host: 'localhost' (Got an error reading communication packets)
2017-09-26T14:48:36.703115Z 16 [Note] Aborted connection 16 to db: 'unconnected' user: 'root' host: 'localhost' (Got an error reading communication packets)
2017-09-26T22:08:46.765095Z 0 [Note] InnoDB: page_cleaner: 1000ms intended loop took 26404656ms. The settings might not be optimal. (flushed=0 and evicted=0, during the time.)
2017-09-27T23:32:51.500623Z 0 [Note] InnoDB: page_cleaner: 1000ms intended loop took 42143363ms. The settings might not be optimal. (flushed=0 and evicted=0, during the time.)
2017-09-28T23:43:29.046237Z 0 [Note] InnoDB: page_cleaner: 1000ms intended loop took 38434818ms. The settings might not be optimal. (flushed=0 and evicted=0, during the time.)
2017-09-30T01:32:27.068781Z 0 [Note] InnoDB: page_cleaner: 1000ms intended loop took 47596736ms. The settings might not be optimal. (flushed=0 and evicted=0, during the time.)
2017-09-30T01:59:05.037828Z 0 [Note] InnoDB: page_cleaner: 1000ms intended loop took 4206ms. The settings might not be optimal. (flushed=0 and evicted=0, during the time.)
2017-09-30T22:35:56.780668Z 0 [Note] InnoDB: page_cleaner: 1000ms intended loop took 39175576ms. The settings might not be optimal. (flushed=0 and evicted=0, during the time.)
2017-10-01T23:12:22.224063Z 0 [Note] InnoDB: page_cleaner: 1000ms intended loop took 39550651ms. The settings might not be optimal. (flushed=0 and evicted=0, during the time.)
2017-10-03T00:08:54.500963Z 0 [Note] InnoDB: page_cleaner: 1000ms intended loop took 46282732ms. The settings might not be optimal. (flushed=0 and evicted=0, during the time.)
2017-10-04T04:18:23.500043Z 0 [Note] InnoDB: page_cleaner: 1000ms intended loop took 58574618ms. The settings might not be optimal. (flushed=0 and evicted=0, during the time.)
2017-10-04T21:48:42.827542Z 0 [Note] InnoDB: page_cleaner: 1000ms intended loop took 36283657ms. The settings might not be optimal. (flushed=0 and evicted=0, during the time.)
2017-10-06T00:04:29.501165Z 0 [Note] InnoDB: page_cleaner: 1000ms intended loop took 46727359ms. The settings might not be optimal. (flushed=0 and evicted=0, during the time.)
2017-10-06T22:31:55.063713Z 0 [Note] InnoDB: page_cleaner: 1000ms intended loop took 36773648ms. The settings might not be optimal. (flushed=0 and evicted=0, during the time.)
2017-10-07T10:02:07.074847Z 0 [Note] InnoDB: page_cleaner: 1000ms intended loop took 23790293ms. The settings might not be optimal. (flushed=0 and evicted=0, during the time.)
2017-10-07T21:22:57.749289Z 0 [Note] InnoDB: page_cleaner: 1000ms intended loop took 36319361ms. The settings might not be optimal. (flushed=0 and evicted=0, during the time.)
2017-10-08T21:27:35.210460Z 0 [Note] InnoDB: page_cleaner: 1000ms intended loop took 33797165ms. The settings might not be optimal. (flushed=0 and evicted=0, during the time.)
2017-10-09T21:22:07.520506Z 0 [Note] InnoDB: page_cleaner: 1000ms intended loop took 34080614ms. The settings might not be optimal. (flushed=0 and evicted=0, during the time.)
2017-10-10T05:11:04.063150Z 108 [Note] Access denied for user 'root'@'localhost' (using password: YES)
2017-10-10T05:13:15.654924Z 109 [Note] Access denied for user 'root'@'localhost' (using password: YES)
2017-10-10T05:13:15.678947Z 110 [Note] Access denied for user 'root'@'localhost' (using password: YES)
2017-10-10T05:13:21.310060Z 111 [Note] Access denied for user 'root'@'localhost' (using password: YES)
2017-10-10T05:13:26.523575Z 112 [Note] Access denied for user 'root'@'localhost' (using password: YES)
2017-10-10T05:13:29.678578Z 113 [Note] Access denied for user 'root'@'localhost' (using password: YES)
2017-10-10T05:13:32.354231Z 114 [Note] Access denied for user 'root'@'localhost' (using password: YES)
2017-10-10T05:14:20.623140Z 115 [Note] Access denied for user 'root'@'localhost' (using password: NO)
2017-10-10T05:15:53.500648Z 0 [Note] C:\Program Files\MySQL\MySQL Server 5.7\bin\mysqld.exe: Normal shutdown

2017-10-10T05:15:53.502638Z 0 [Note] Giving 0 client threads a chance to die gracefully
2017-10-10T05:15:53.503639Z 0 [Note] Shutting down slave threads
2017-10-10T05:15:53.536377Z 0 [Note] Forcefully disconnecting 0 remaining clients
2017-10-10T05:15:53.538405Z 0 [Note] Event Scheduler: Purging the queue. 0 events
2017-10-10T05:15:53.578583Z 0 [Note] Binlog end
2017-10-10T05:15:53.734908Z 0 [Note] Shutting down plugin 'ngram'
2017-10-10T05:15:53.736897Z 0 [Note] Shutting down plugin 'partition'
2017-10-10T05:15:53.736897Z 0 [Note] Shutting down plugin 'BLACKHOLE'
2017-10-10T05:15:53.737895Z 0 [Note] Shutting down plugin 'ARCHIVE'
2017-10-10T05:15:53.737895Z 0 [Note] Shutting down plugin 'PERFORMANCE_SCHEMA'
2017-10-10T05:15:53.737895Z 0 [Note] Shutting down plugin 'MRG_MYISAM'
2017-10-10T05:15:53.738896Z 0 [Note] Shutting down plugin 'MyISAM'
2017-10-10T05:15:53.739896Z 0 [Note] Shutting down plugin 'INNODB_SYS_VIRTUAL'
2017-10-10T05:15:53.739896Z 0 [Note] Shutting down plugin 'INNODB_SYS_DATAFILES'
2017-10-10T05:15:53.739896Z 0 [Note] Shutting down plugin 'INNODB_SYS_TABLESPACES'
2017-10-10T05:15:53.739896Z 0 [Note] Shutting down plugin 'INNODB_SYS_FOREIGN_COLS'
2017-10-10T05:15:53.739896Z 0 [Note] Shutting down plugin 'INNODB_SYS_FOREIGN'
2017-10-10T05:15:53.740907Z 0 [Note] Shutting down plugin 'INNODB_SYS_FIELDS'
2017-10-10T05:15:53.740907Z 0 [Note] Shutting down plugin 'INNODB_SYS_COLUMNS'
2017-10-10T05:15:53.740907Z 0 [Note] Shutting down plugin 'INNODB_SYS_INDEXES'
2017-10-10T05:15:53.740907Z 0 [Note] Shutting down plugin 'INNODB_SYS_TABLESTATS'
2017-10-10T05:15:53.740907Z 0 [Note] Shutting down plugin 'INNODB_SYS_TABLES'
2017-10-10T05:15:53.740907Z 0 [Note] Shutting down plugin 'INNODB_FT_INDEX_TABLE'
2017-10-10T05:15:53.741911Z 0 [Note] Shutting down plugin 'INNODB_FT_INDEX_CACHE'
2017-10-10T05:15:53.741911Z 0 [Note] Shutting down plugin 'INNODB_FT_CONFIG'
2017-10-10T05:15:53.741911Z 0 [Note] Shutting down plugin 'INNODB_FT_BEING_DELETED'
2017-10-10T05:15:53.741911Z 0 [Note] Shutting down plugin 'INNODB_FT_DELETED'
2017-10-10T05:15:53.741911Z 0 [Note] Shutting down plugin 'INNODB_FT_DEFAULT_STOPWORD'
2017-10-10T05:15:53.741911Z 0 [Note] Shutting down plugin 'INNODB_METRICS'
2017-10-10T05:15:53.742911Z 0 [Note] Shutting down plugin 'INNODB_TEMP_TABLE_INFO'
2017-10-10T05:15:53.742911Z 0 [Note] Shutting down plugin 'INNODB_BUFFER_POOL_STATS'
2017-10-10T05:15:53.742911Z 0 [Note] Shutting down plugin 'INNODB_BUFFER_PAGE_LRU'
2017-10-10T05:15:53.742911Z 0 [Note] Shutting down plugin 'INNODB_BUFFER_PAGE'
2017-10-10T05:15:53.742911Z 0 [Note] Shutting down plugin 'INNODB_CMP_PER_INDEX_RESET'
2017-10-10T05:15:53.742911Z 0 [Note] Shutting down plugin 'INNODB_CMP_PER_INDEX'
2017-10-10T05:15:53.743912Z 0 [Note] Shutting down plugin 'INNODB_CMPMEM_RESET'
2017-10-10T05:15:53.743912Z 0 [Note] Shutting down plugin 'INNODB_CMPMEM'
2017-10-10T05:15:53.743912Z 0 [Note] Shutting down plugin 'INNODB_CMP_RESET'
2017-10-10T05:15:53.743912Z 0 [Note] Shutting down plugin 'INNODB_CMP'
2017-10-10T05:15:53.743912Z 0 [Note] Shutting down plugin 'INNODB_LOCK_WAITS'
2017-10-10T05:15:53.743912Z 0 [Note] Shutting down plugin 'INNODB_LOCKS'
2017-10-10T05:15:53.744913Z 0 [Note] Shutting down plugin 'INNODB_TRX'
2017-10-10T05:15:53.744913Z 0 [Note] Shutting down plugin 'InnoDB'
2017-10-10T05:15:53.747916Z 0 [Note] InnoDB: FTS optimize thread exiting.
2017-10-10T05:15:53.748906Z 0 [Note] InnoDB: Starting shutdown...
2017-10-10T05:15:53.876564Z 0 [Note] InnoDB: Dumping buffer pool(s) to C:\ProgramData\MySQL\MySQL Server 5.7\Data\ib_buffer_pool
2017-10-10T05:15:53.894612Z 0 [Note] InnoDB: Buffer pool(s) dump completed at 171010 16:15:53
2017-10-10T05:15:55.048042Z 0 [Note] InnoDB: Shutdown completed; log sequence number 19905305
2017-10-10T05:15:55.049031Z 0 [Note] InnoDB: Removed temporary tablespace data file: "ibtmp1"
2017-10-10T05:15:55.049031Z 0 [Note] Shutting down plugin 'MEMORY'
2017-10-10T05:15:55.049031Z 0 [Note] Shutting down plugin 'CSV'
2017-10-10T05:15:55.050047Z 0 [Note] Shutting down plugin 'sha256_password'
2017-10-10T05:15:55.050047Z 0 [Note] Shutting down plugin 'mysql_native_password'
2017-10-10T05:15:55.068050Z 0 [Note] Shutting down plugin 'binlog'
2017-10-10T05:15:55.115410Z 0 [Note] C:\Program Files\MySQL\MySQL Server 5.7\bin\mysqld.exe: Shutdown complete

2017-10-10T05:27:39.788736Z 0 [Warning] option 'read_buffer_size': unsigned value 0 adjusted to 8192
2017-10-10T05:27:39.789727Z 0 [Warning] option 'read_rnd_buffer_size': unsigned value 0 adjusted to 1
2017-10-10T05:27:39.789727Z 0 [Warning] TIMESTAMP with implicit DEFAULT value is deprecated. Please use --explicit_defaults_for_timestamp server option (see documentation for more details).
2017-10-10T05:27:39.789727Z 0 [Warning] 'NO_ZERO_DATE', 'NO_ZERO_IN_DATE' and 'ERROR_FOR_DIVISION_BY_ZERO' sql modes should be used with strict mode. They will be merged with strict mode in a future release.
2017-10-10T05:27:39.790728Z 0 [Note] C:\Program Files\MySQL\MySQL Server 5.7\bin\mysqld.exe (mysqld 5.7.19-log) starting as process 10116 ...
2017-10-10T05:27:39.797742Z 0 [Note] InnoDB: Mutexes and rw_locks use Windows interlocked functions
2017-10-10T05:27:39.797742Z 0 [Note] InnoDB: Uses event mutexes
2017-10-10T05:27:39.798730Z 0 [Note] InnoDB: _mm_lfence() and _mm_sfence() are used for memory barrier
2017-10-10T05:27:39.798730Z 0 [Note] InnoDB: Compressed tables use zlib 1.2.3
2017-10-10T05:27:39.798730Z 0 [Note] InnoDB: Adjusting innodb_buffer_pool_instances from 8 to 1 since innodb_buffer_pool_size is less than 1024 MiB
2017-10-10T05:27:39.799733Z 0 [Note] InnoDB: Number of pools: 1
2017-10-10T05:27:39.800734Z 0 [Note] InnoDB: Not using CPU crc32 instructions
2017-10-10T05:27:39.802736Z 0 [Note] InnoDB: Initializing buffer pool, total size = 8M, instances = 1, chunk size = 8M
2017-10-10T05:27:39.803746Z 0 [Note] InnoDB: Completed initialization of buffer pool
2017-10-10T05:27:39.831833Z 0 [Note] InnoDB: Highest supported file format is Barracuda.
2017-10-10T05:27:40.095916Z 0 [Note] InnoDB: Creating shared tablespace for temporary tables
2017-10-10T05:27:40.095916Z 0 [Note] InnoDB: Setting file '.\ibtmp1' size to 12 MB. Physically writing the file full; Please wait ...
2017-10-10T05:27:40.149064Z 0 [Note] InnoDB: File '.\ibtmp1' size is now 12 MB.
2017-10-10T05:27:40.158056Z 0 [Note] InnoDB: 96 redo rollback segment(s) found. 96 redo rollback segment(s) are active.
2017-10-10T05:27:40.159057Z 0 [Note] InnoDB: 32 non-redo rollback segment(s) are active.
2017-10-10T05:27:40.159057Z 0 [Note] InnoDB: Waiting for purge to start
2017-10-10T05:27:40.212392Z 0 [Note] InnoDB: 5.7.19 started; log sequence number 19905305
2017-10-10T05:27:40.212392Z 0 [Note] InnoDB: Loading buffer pool(s) from C:\ProgramData\MySQL\MySQL Server 5.7\Data\ib_buffer_pool
2017-10-10T05:27:40.213388Z 0 [Note] Plugin 'FEDERATED' is disabled.
2017-10-10T05:27:40.218383Z 0 [Note] InnoDB: Buffer pool(s) load completed at 171010 16:27:40
2017-10-10T05:27:40.242406Z 0 [Warning] Failed to set up SSL because of the following SSL library error: SSL context is not usable without certificate and private key
2017-10-10T05:27:40.243407Z 0 [Note] Server hostname (bind-address): '*'; port: 3306
2017-10-10T05:27:40.243407Z 0 [Note] IPv6 is available.
2017-10-10T05:27:40.243407Z 0 [Note]   - '::' resolves to '::';
2017-10-10T05:27:40.244408Z 0 [Note] Server socket created on IP: '::'.
2017-10-10T05:27:40.922478Z 0 [Note] Event Scheduler: Loaded 0 events
2017-10-10T05:27:40.923480Z 0 [Note] C:\Program Files\MySQL\MySQL Server 5.7\bin\mysqld.exe: ready for connections.
Version: '5.7.19-log'  socket: ''  port: 3306  MySQL Community Server (GPL)
2017-10-10T05:27:40.923480Z 0 [Note] Executing 'SELECT * FROM INFORMATION_SCHEMA.TABLES;' to get a list of tables using the deprecated partition engine. You may use the startup option '--disable-partition-engine-check' to skip this check. 
2017-10-10T05:27:40.924481Z 0 [Note] Beginning of list of non-natively partitioned tables
2017-10-10T05:27:41.425619Z 0 [Note] End of list of non-natively partitioned tables
2017-10-10T05:27:46.553085Z 3 [Note] Access denied for user 'root'@'localhost' (using password: YES)
2017-10-10T05:27:53.837625Z 4 [Note] Access denied for user 'root'@'localhost' (using password: YES)
2017-10-10T05:27:58.641638Z 5 [Note] Access denied for user 'root'@'localhost' (using password: YES)
2017-10-10T05:28:04.430641Z 6 [Note] Access denied for user 'root'@'localhost' (using password: YES)
2017-10-10T05:35:32.104339Z 8 [Note] Access denied for user 'root'@'localhost' (using password: NO)
2017-10-10T05:48:20.776958Z 13 [Note] Aborted connection 13 to db: 'bank_database' user: 'root' host: 'localhost' (Got an error reading communication packets)
2017-10-10T06:03:43.961983Z 18 [Note] Aborted connection 18 to db: 'bank_database' user: 'root' host: 'localhost' (Got an error reading communication packets)
2017-10-10T06:35:08.742830Z 28 [Note] Access denied for user 'root'@'localhost' (using password: NO)
2017-10-10T06:51:36.736956Z 7 [Note] Aborted connection 7 to db: 'bank_database' user: 'root' host: 'localhost' (Got an error reading communication packets)
2017-10-10T07:00:02.913099Z 42 [Note] Access denied for user 'root'@'localhost' (using password: NO)
2017-10-10T07:07:20.810623Z 47 [Note] Access denied for user 'root'@'localhost' (using password: NO)
2017-10-10T07:10:04.429126Z 49 [Note] Access denied for user 'root'@'localhost' (using password: NO)
2017-10-10T07:25:28.654405Z 51 [Note] Access denied for user 'root'@'localhost' (using password: NO)
2017-10-10T07:27:59.412545Z 56 [Note] Access denied for user 'root'@'localhost' (using password: NO)
2017-10-10T07:28:53.886170Z 61 [Note] Access denied for user 'root'@'localhost' (using password: NO)
2017-10-10T07:31:34.444372Z 0 [Note] C:\Program Files\MySQL\MySQL Server 5.7\bin\mysqld.exe: Normal shutdown

2017-10-10T07:31:34.445373Z 0 [Note] Giving 6 client threads a chance to die gracefully
2017-10-10T07:31:34.445373Z 0 [Note] Shutting down slave threads
2017-10-10T07:31:36.446347Z 0 [Note] Forcefully disconnecting 6 remaining clients
2017-10-10T07:31:36.446347Z 0 [Warning] C:\Program Files\MySQL\MySQL Server 5.7\bin\mysqld.exe: Forcing close of thread 46  user: 'root'

2017-10-10T07:31:36.446347Z 0 [Warning] C:\Program Files\MySQL\MySQL Server 5.7\bin\mysqld.exe: Forcing close of thread 64  user: 'root'

2017-10-10T07:31:36.446347Z 0 [Warning] C:\Program Files\MySQL\MySQL Server 5.7\bin\mysqld.exe: Forcing close of thread 62  user: 'root'

2017-10-10T07:31:36.447338Z 0 [Warning] C:\Program Files\MySQL\MySQL Server 5.7\bin\mysqld.exe: Forcing close of thread 63  user: 'root'

2017-10-10T07:31:36.447338Z 0 [Warning] C:\Program Files\MySQL\MySQL Server 5.7\bin\mysqld.exe: Forcing close of thread 65  user: 'root'

2017-10-10T07:31:36.447338Z 0 [Warning] C:\Program Files\MySQL\MySQL Server 5.7\bin\mysqld.exe: Forcing close of thread 22  user: 'root'

2017-10-10T07:31:36.448339Z 0 [Note] Event Scheduler: Purging the queue. 0 events
2017-10-10T07:31:36.448339Z 0 [Note] Binlog end
2017-10-10T07:31:36.450347Z 0 [Note] Shutting down plugin 'ngram'
2017-10-10T07:31:36.450347Z 0 [Note] Shutting down plugin 'partition'
2017-10-10T07:31:36.450347Z 0 [Note] Shutting down plugin 'BLACKHOLE'
2017-10-10T07:31:36.450347Z 0 [Note] Shutting down plugin 'ARCHIVE'
2017-10-10T07:31:36.451342Z 0 [Note] Shutting down plugin 'PERFORMANCE_SCHEMA'
2017-10-10T07:31:36.451342Z 0 [Note] Shutting down plugin 'MRG_MYISAM'
2017-10-10T07:31:36.451342Z 0 [Note] Shutting down plugin 'MyISAM'
2017-10-10T07:31:36.451342Z 0 [Note] Shutting down plugin 'INNODB_SYS_VIRTUAL'
2017-10-10T07:31:36.451342Z 0 [Note] Shutting down plugin 'INNODB_SYS_DATAFILES'
2017-10-10T07:31:36.452342Z 0 [Note] Shutting down plugin 'INNODB_SYS_TABLESPACES'
2017-10-10T07:31:36.452342Z 0 [Note] Shutting down plugin 'INNODB_SYS_FOREIGN_COLS'
2017-10-10T07:31:36.452342Z 0 [Note] Shutting down plugin 'INNODB_SYS_FOREIGN'
2017-10-10T07:31:36.452342Z 0 [Note] Shutting down plugin 'INNODB_SYS_FIELDS'
2017-10-10T07:31:36.452342Z 0 [Note] Shutting down plugin 'INNODB_SYS_COLUMNS'
2017-10-10T07:31:36.452342Z 0 [Note] Shutting down plugin 'INNODB_SYS_INDEXES'
2017-10-10T07:31:36.453352Z 0 [Note] Shutting down plugin 'INNODB_SYS_TABLESTATS'
2017-10-10T07:31:36.453352Z 0 [Note] Shutting down plugin 'INNODB_SYS_TABLES'
2017-10-10T07:31:36.453352Z 0 [Note] Shutting down plugin 'INNODB_FT_INDEX_TABLE'
2017-10-10T07:31:36.453352Z 0 [Note] Shutting down plugin 'INNODB_FT_INDEX_CACHE'
2017-10-10T07:31:36.453352Z 0 [Note] Shutting down plugin 'INNODB_FT_CONFIG'
2017-10-10T07:31:36.453352Z 0 [Note] Shutting down plugin 'INNODB_FT_BEING_DELETED'
2017-10-10T07:31:36.454355Z 0 [Note] Shutting down plugin 'INNODB_FT_DELETED'
2017-10-10T07:31:36.454355Z 0 [Note] Shutting down plugin 'INNODB_FT_DEFAULT_STOPWORD'
2017-10-10T07:31:36.454355Z 0 [Note] Shutting down plugin 'INNODB_METRICS'
2017-10-10T07:31:36.454355Z 0 [Note] Shutting down plugin 'INNODB_TEMP_TABLE_INFO'
2017-10-10T07:31:36.454355Z 0 [Note] Shutting down plugin 'INNODB_BUFFER_POOL_STATS'
2017-10-10T07:31:36.454355Z 0 [Note] Shutting down plugin 'INNODB_BUFFER_PAGE_LRU'
2017-10-10T07:31:36.455355Z 0 [Note] Shutting down plugin 'INNODB_BUFFER_PAGE'
2017-10-10T07:31:36.455355Z 0 [Note] Shutting down plugin 'INNODB_CMP_PER_INDEX_RESET'
2017-10-10T07:31:36.455355Z 0 [Note] Shutting down plugin 'INNODB_CMP_PER_INDEX'
2017-10-10T07:31:36.455355Z 0 [Note] Shutting down plugin 'INNODB_CMPMEM_RESET'
2017-10-10T07:31:36.455355Z 0 [Note] Shutting down plugin 'INNODB_CMPMEM'
2017-10-10T07:31:36.455355Z 0 [Note] Shutting down plugin 'INNODB_CMP_RESET'
2017-10-10T07:31:36.456357Z 0 [Note] Shutting down plugin 'INNODB_CMP'
2017-10-10T07:31:36.456357Z 0 [Note] Shutting down plugin 'INNODB_LOCK_WAITS'
2017-10-10T07:31:36.456357Z 0 [Note] Shutting down plugin 'INNODB_LOCKS'
2017-10-10T07:31:36.456357Z 0 [Note] Shutting down plugin 'INNODB_TRX'
2017-10-10T07:31:36.456357Z 0 [Note] Shutting down plugin 'InnoDB'
2017-10-10T07:31:36.456357Z 0 [Note] InnoDB: FTS optimize thread exiting.
2017-10-10T07:31:36.457357Z 0 [Note] InnoDB: Starting shutdown...
2017-10-10T07:31:36.558553Z 0 [Note] InnoDB: Dumping buffer pool(s) to C:\ProgramData\MySQL\MySQL Server 5.7\Data\ib_buffer_pool
2017-10-10T07:31:36.562558Z 0 [Note] InnoDB: Buffer pool(s) dump completed at 171010 18:31:36
2017-10-10T07:31:37.623779Z 0 [Note] InnoDB: Shutdown completed; log sequence number 20388774
2017-10-10T07:31:37.624780Z 0 [Note] InnoDB: Removed temporary tablespace data file: "ibtmp1"
2017-10-10T07:31:37.624780Z 0 [Note] Shutting down plugin 'MEMORY'
2017-10-10T07:31:37.625781Z 0 [Note] Shutting down plugin 'CSV'
2017-10-10T07:31:37.625781Z 0 [Note] Shutting down plugin 'sha256_password'
2017-10-10T07:31:37.626782Z 0 [Note] Shutting down plugin 'mysql_native_password'
2017-10-10T07:31:37.626782Z 0 [Note] Shutting down plugin 'binlog'
2017-10-10T07:31:37.631789Z 0 [Note] C:\Program Files\MySQL\MySQL Server 5.7\bin\mysqld.exe: Shutdown complete

